<?xml version="1.0" encoding="UTF-8"?>
<!-- Generated by org.testng.reporters.JUnitXMLReporter -->
<testsuite hostname="LAPTOP-U08S3ANA" ignored="0" name="Free CRM App Test Cases" tests="3" failures="0" timestamp="04 Apr 2020 21:14:24 GMT" time="49.665" errors="0">
  <testcase name="VerifycontactslabelTest" time="0.104" classname="com.crm.qa.testcases.ContactsPageTest"/>
  <testcase name="VerifyHomePageTitleTest" time="0.013" classname="com.crm.qa.testcases.HomePageTest"/>
  <testcase name="LoginPageTitleTest" time="0.015" classname="com.crm.qa.testcases.LoginPageTest"/>
</testsuite> <!-- Free CRM App Test Cases -->
